<?xml version="1.0" encoding="UTF-8"?>
<robot rpa="false" generated="20201013 23:01:23.192" generator="Robot 3.2.1 (Python 2.7.17 on win32)">
<suite id="s1" name="Suites">
<suite source="C:\Users\Shriraj.Joshi\PycharmProjects\Automationyt\Testcases\AgentShouldBeVinable.robot" id="s1-s1" name="AgentShouldBeVinable">
<test id="s1-s1-t1" name="TestingInputBox">
<kw name="Open Browser" library="SeleniumLibrary">
<doc>Opens a new browser instance to the optional ``url``.</doc>
<arguments>
<arg>${url}</arg>
<arg>${browser}</arg>
</arguments>
<msg timestamp="20201013 23:01:25.815" level="INFO">Opening browser 'chrome' to base url 'https://www.candidate.zillow.net/agent-finder/real-estate-agent-reviews/'.</msg>
<status status="PASS" endtime="20201013 23:01:32.876" starttime="20201013 23:01:25.815"></status>
</kw>
<kw name="Set Browser Implicit Wait" library="SeleniumLibrary">
<doc>Sets the implicit wait value used by Selenium.</doc>
<arguments>
<arg>10sec</arg>
</arguments>
<status status="PASS" endtime="20201013 23:01:32.885" starttime="20201013 23:01:32.877"></status>
</kw>
<kw name="Maximize Browser Window" library="SeleniumLibrary">
<doc>Maximizes current browser window.</doc>
<kw name="Capture Page Screenshot" library="SeleniumLibrary">
<doc>Takes a screenshot of the current page and embeds it into a log file.</doc>
<msg timestamp="20201013 23:01:57.213" level="FAIL">WebDriverException: Message: chrome not reachable
  (Session info: chrome=86.0.4240.75)
</msg>
<status status="FAIL" endtime="20201013 23:01:57.213" starttime="20201013 23:01:45.012"></status>
</kw>
<msg timestamp="20201013 23:01:57.213" level="WARN">Keyword 'Capture Page Screenshot' could not be run on failure: WebDriverException: Message: chrome not reachable
  (Session info: chrome=86.0.4240.75)
</msg>
<msg timestamp="20201013 23:01:57.224" level="FAIL">WebDriverException: Message: chrome not reachable
  (Session info: chrome=86.0.4240.75)
</msg>
<status status="FAIL" endtime="20201013 23:01:57.224" starttime="20201013 23:01:32.888"></status>
</kw>
<status status="FAIL" endtime="20201013 23:01:57.226" critical="yes" starttime="20201013 23:01:25.807">WebDriverException: Message: chrome not reachable
  (Session info: chrome=86.0.4240.75)
</status>
</test>
<status status="FAIL" endtime="20201013 23:01:57.227" starttime="20201013 23:01:23.318"></status>
</suite>
<status status="FAIL" endtime="20201013 23:01:57.237" starttime="20201013 23:01:23.204"></status>
</suite>
<statistics>
<total>
<stat fail="1" pass="0">Critical Tests</stat>
<stat fail="1" pass="0">All Tests</stat>
</total>
<tag>
</tag>
<suite>
<stat fail="1" id="s1" name="Suites" pass="0">Suites</stat>
<stat fail="1" id="s1-s1" name="AgentShouldBeVinable" pass="0">Suites.AgentShouldBeVinable</stat>
</suite>
</statistics>
<errors>
<msg timestamp="20201013 23:01:57.213" level="WARN">Keyword 'Capture Page Screenshot' could not be run on failure: WebDriverException: Message: chrome not reachable
  (Session info: chrome=86.0.4240.75)
</msg>
</errors>
</robot>
